<?xml version="1.0" encoding="UTF-8"?>
<testng-results ignored="0" total="2" passed="2" failed="0" skipped="0">
  <reporter-output>
  </reporter-output>
  <suite started-at="2024-01-23T12:30:16 IST" name="Suite" finished-at="2024-01-23T12:30:21 IST" duration-ms="5471">
    <groups>
    </groups>
    <test started-at="2024-01-23T12:30:16 IST" name="Test" finished-at="2024-01-23T12:30:21 IST" duration-ms="5471">
      <class name="com.automationtalks.demoProject2.CaseTest1">
        <test-method is-config="true" signature="launchDriver()[pri:0, instance:com.automationtalks.demoProject2.CaseTest1@1e04fa0a]" started-at="2024-01-23T12:30:16 IST" name="launchDriver" finished-at="2024-01-23T12:30:17 IST" duration-ms="1604" status="PASS">
          <reporter-output>
          </reporter-output>
        </test-method> <!-- launchDriver -->
        <test-method signature="Test1()[pri:0, instance:com.automationtalks.demoProject2.CaseTest1@1e04fa0a]" started-at="2024-01-23T12:30:17 IST" name="Test1" finished-at="2024-01-23T12:30:19 IST" duration-ms="1583" status="PASS">
          <reporter-output>
          </reporter-output>
        </test-method> <!-- Test1 -->
        <test-method is-config="true" signature="quit()[pri:0, instance:com.automationtalks.demoProject2.CaseTest1@1e04fa0a]" started-at="2024-01-23T12:30:19 IST" name="quit" finished-at="2024-01-23T12:30:19 IST" duration-ms="237" status="PASS">
          <reporter-output>
          </reporter-output>
        </test-method> <!-- quit -->
        <test-method is-config="true" signature="launchDriver()[pri:0, instance:com.automationtalks.demoProject2.CaseTest1@1e04fa0a]" started-at="2024-01-23T12:30:19 IST" name="launchDriver" finished-at="2024-01-23T12:30:20 IST" duration-ms="853" status="PASS">
          <reporter-output>
          </reporter-output>
        </test-method> <!-- launchDriver -->
        <test-method signature="Test2()[pri:0, instance:com.automationtalks.demoProject2.CaseTest1@1e04fa0a]" started-at="2024-01-23T12:30:20 IST" name="Test2" finished-at="2024-01-23T12:30:21 IST" duration-ms="958" status="PASS">
          <reporter-output>
          </reporter-output>
        </test-method> <!-- Test2 -->
        <test-method is-config="true" signature="quit()[pri:0, instance:com.automationtalks.demoProject2.CaseTest1@1e04fa0a]" started-at="2024-01-23T12:30:21 IST" name="quit" finished-at="2024-01-23T12:30:21 IST" duration-ms="197" status="PASS">
          <reporter-output>
          </reporter-output>
        </test-method> <!-- quit -->
      </class> <!-- com.automationtalks.demoProject2.CaseTest1 -->
    </test> <!-- Test -->
  </suite> <!-- Suite -->
</testng-results>
