<?xml version="1.0" encoding="UTF-8"?>
<testng-results ignored="0" total="2" passed="2" failed="0" skipped="0">
  <reporter-output>
  </reporter-output>
  <suite started-at="2024-01-23T12:28:41 IST" name="Suite" finished-at="2024-01-23T12:28:48 IST" duration-ms="7168">
    <groups>
    </groups>
    <test started-at="2024-01-23T12:28:41 IST" name="Test" finished-at="2024-01-23T12:28:48 IST" duration-ms="7168">
      <class name="com.automationtalks.demoProject2.CaseTest1">
        <test-method is-config="true" signature="launchDriver()[pri:0, instance:com.automationtalks.demoProject2.CaseTest1@2d710f1a]" started-at="2024-01-23T12:28:41 IST" name="launchDriver" finished-at="2024-01-23T12:28:42 IST" duration-ms="1720" status="PASS">
          <reporter-output>
          </reporter-output>
        </test-method> <!-- launchDriver -->
        <test-method signature="Test1()[pri:0, instance:com.automationtalks.demoProject2.CaseTest1@2d710f1a]" started-at="2024-01-23T12:28:42 IST" name="Test1" finished-at="2024-01-23T12:28:44 IST" duration-ms="1814" status="PASS">
          <reporter-output>
          </reporter-output>
        </test-method> <!-- Test1 -->
        <test-method is-config="true" signature="quit()[pri:0, instance:com.automationtalks.demoProject2.CaseTest1@2d710f1a]" started-at="2024-01-23T12:28:44 IST" name="quit" finished-at="2024-01-23T12:28:44 IST" duration-ms="201" status="PASS">
          <reporter-output>
          </reporter-output>
        </test-method> <!-- quit -->
        <test-method is-config="true" signature="launchDriver()[pri:0, instance:com.automationtalks.demoProject2.CaseTest1@2d710f1a]" started-at="2024-01-23T12:28:44 IST" name="launchDriver" finished-at="2024-01-23T12:28:45 IST" duration-ms="830" status="PASS">
          <reporter-output>
          </reporter-output>
        </test-method> <!-- launchDriver -->
        <test-method signature="Test2()[pri:0, instance:com.automationtalks.demoProject2.CaseTest1@2d710f1a]" started-at="2024-01-23T12:28:45 IST" name="Test2" finished-at="2024-01-23T12:28:48 IST" duration-ms="2326" status="PASS">
          <reporter-output>
          </reporter-output>
        </test-method> <!-- Test2 -->
        <test-method is-config="true" signature="quit()[pri:0, instance:com.automationtalks.demoProject2.CaseTest1@2d710f1a]" started-at="2024-01-23T12:28:48 IST" name="quit" finished-at="2024-01-23T12:28:48 IST" duration-ms="226" status="PASS">
          <reporter-output>
          </reporter-output>
        </test-method> <!-- quit -->
      </class> <!-- com.automationtalks.demoProject2.CaseTest1 -->
    </test> <!-- Test -->
  </suite> <!-- Suite -->
</testng-results>
